70 693
157 767
353 598
500 733
507 927
908 925
1 751
617 715
135 742
205 482
719 755
2 432
16 240
17 631
62 612
79 156
80 236
134 638
162 813
226 697
272 613
591 844
89 446
101 374
461 509
718 887
774 806
14 601
42 983
114 754
166 435
315 924
375 391
515 743
516 587
599 998
680 732
178 606
216 644
379 518
418 575
143 556
173 900
231 591
330 504
383 920
718 957
744 932
824 973
202 310
275 558
477 837
64 184
76 776
93 223
332 777
427 717
254 839
597 797
484 720
506 747
6 723
154 917
389 658
392 526
430 591
551 972
596 602
869 948
285 464
376 775
491 709
492 911
509 613
662 833
130 492
167 711
196 422
211 635
522 695
53 917
121 992
226 398
330 807
398 802
788 854
1 125
577 646
722 844
152 394
479 805
718 843
747 806
124 244
353 919
576 776
30 524
101 856
444 486
503 549
48 929
154 636
158 202
216 364
302 789
386 522
447 722
486 952
48 781
148 968
397 687
523 643
589 895
10 65
247 723
467 801
607 671
634 966
834 839
117 861
416 976
111 384
258 581
573 793
745 790
213 977
233 713
293 805
344 710
564 747
88 571
98 569
195 209
102 667
214 426
340 853
367 650
368 505
215 778
18 462
118 954
167 601
42 836
262 979
342 469
359 820
454 599
772 846
404 436
628 762
629 720
770 912
129 868
256 545
461 785
351 522
511 706
216 390
310 864
386 504
391 431
655 695
98 633
190 207
662 919
141 642
509 526
816 958
21 328
24 762
364 599
373 409
792 829
303 899
767 899
886 991
101 555
197 511
260 368
873 901
105 533
296 944
358 640
7 902
180 758
338 430
359 857
537 870
869 936
29 756
257 692
517 527
46 47
89 648
451 563
314 629
382 978
490 881
68 129
281 886
300 810
477 983
706 977
10 506
227 717
264 994
306 389
823 838
177 616
243 876
291 606
387 721
18 500
57 219
159 448
161 658
566 610
675 724
222 295
304 349
609 795
610 716
827 891
67 501
315 896
555 793
123 990
431 947
824 988
200 478
321 988
645 841
85 96
142 181
236 752
537 772
784 896
157 468
642 665
704 910
183 374
196 664
223 698
383 624
405 963
20 309
553 638
558 744
568 774
605 766
807 958
25 231
256 463
354 887
96 923
555 832
640 982
350 658
671 932
16 272
36 876
90 176
119 754
665 780
81 830
90 960
226 893
408 453
538 617
271 749
337 393
354 986
554 574
641 949
31 870
44 768
109 983
330 357
118 822
414 497
500 922
560 959
620 776
89 992
121 779
401 845
634 934
63 836
74 119
190 549
347 944
549 831
786 984
220 966
436 547
607 906
658 845
64 606
121 978
644 880
305 548
439 730
543 579
627 935
262 778
388 609
577 578
585 804
969 991
177 552
27 514
77 885
387 703
529 925
684 836
400 593
655 704
842 856
916 937
330 879
226 920
294 297
397 548
868 949
278 965
559 577
635 663
837 875
153 527
222 501
458 860
192 759
534 846
591 670
599 683
66 798
124 929
175 555
468 473
865 909
185 498
388 761
506 823
552 796
901 978
295 381
399 437
508 809
618 650
41 338
175 334
504 625
531 969
585 629
742 987
115 203
224 895
444 825
65 808
188 994
274 562
489 559
76 544
137 301
234 873
246 661
249 773
362 541
68 142
72 245
101 965
195 869
199 292
229 302
329 729
668 989
91 535
351 447
36 524
58 642
78 678
157 445
263 844
466 917
530 909
322 325
731 943
910 934
166 318
333 564
426 860
474 499
733 947
476 580
487 701
17 479
63 381
595 625
829 947
858 964
153 305
191 221
278 910
370 742
503 905
200 325
495 895
18 182
38 887
855 984
56 226
69 531
507 888
688 946
68 310
123 247
279 737
356 766
73 677
150 644
170 225
183 847
441 799
125 494
385 641
636 742
159 948
239 953
278 348
391 531
37 43
103 483
287 711
449 564
461 746
646 944
165 769
656 787
714 795
64 283
243 987
46 777
102 233
132 286
203 559
3 478
104 996
147 629
158 233
335 712
439 933
301 648
358 412
524 854
661 853
146 361
163 517
784 947
862 885
252 985
484 840
607 962
677 721
750 894
59 700
97 601
110 627
134 172
173 779
238 902
608 966
761 838
0 562
258 917
378 808
411 604
442 642
515 573
49 660
317 456
873 950
935 955
181 466
360 724
378 686
466 924
577 929
884 900
10 367
97 797
109 711
157 799
208 433
471 875
540 706
51 992
120 676
134 706
388 820
828 854
72 169
300 604
477 594
561 743
13 843
192 832
265 959
771 789
48 780
456 803
458 901
799 984
0 651
111 744
122 419
356 538
357 518
520 958
651 721
0 537
193 724
314 812
657 934
80 684
136 400
262 875
305 438
622 731
37 591
300 661
352 403
189 735
193 912
726 792
10 997
287 446
294 956
405 734
204 691
481 719
106 533
660 956
727 993
168 631
774 790
851 861
85 779
620 857
753 816
102 523
340 876
355 415
827 985
44 54
85 309
379 588
457 786
485 896
56 643
68 734
169 690
194 472
4 541
102 313
130 143
695 889
921 952
397 900
75 636
124 406
438 758
530 593
712 744
15 177
69 654
192 270
226 691
257 753
861 899
328 894
428 903
455 825
60 103
1 723
17 284
68 815
165 918
254 929
26 342
661 989
164 785
406 497
552 827
32 898
75 955
402 685
448 838
452 938
590 981
702 975
147 273
224 548
434 477
360 588
477 951
8 379
75 472
427 651
813 909
105 146
141 161
189 554
481 683
567 812
577 973
688 787
209 914
217 742
318 691
333 705
390 766
162 478
230 668
796 994
133 794
501 842
252 386
523 696
545 741
74 964
82 260
133 341
182 288
194 983
631 716
91 679
139 583
489 866
769 984
277 761
339 440
616 751
44 147
341 740
587 935
127 315
144 440
364 775
5 214
49 300
83 191
212 582
239 289
631 711
160 708
354 962
118 148
137 575
504 699
71 529
77 560
144 478
168 314
262 748
527 872
260 890
283 395
57 922
606 863
720 959
182 358
187 603
279 550
324 730
493 824
584 974
29 871
86 748
95 451
131 829
199 625
353 923
431 811
490 895
676 889
103 830
220 511
486 525
50 579
397 464
664 877
73 617
344 370
378 983
507 818
652 862
764 942
47 54
245 640
927 972
18 605
40 752
261 383
444 945
487 692
159 380
98 309
280 457
302 859
548 821
915 996
22 875
178 894
707 902
112 525
105 406
249 321
240 663
492 711
193 809
100 488
613 856
730 940
108 366
195 218
21 789
90 535
284 407
419 791
474 804
637 765
58 953
243 417
371 932
435 892
468 615
106 955
367 373
476 585
66 412
78 440
166 486
196 209
255 542
59 367
324 950
422 666
507 769
457 470
502 996
822 955
16 483
119 338
317 485
446 727
64 145
82 268
353 980
850 969
48 290
218 366
250 552
537 551
841 852
58 325
118 789
14 628
259 930
688 714
12 448
393 752
17 174
90 188
326 870
409 735
133 639
669 695
104 760
11 192
210 975
224 421
574 586
892 928
83 880
92 95
413 733
541 883
694 977
708 803
372 829
605 915
197 817
791 940
116 350
321 737
429 500
528 856
40 602
268 869
345 543
70 655
55 706
308 372
899 903
4 122
39 348
190 253
35 703
47 925
54 622
66 327
220 557
563 638
698 784
87 299
181 352
287 765
196 424
227 672
354 627
489 565
902 987
396 932
151 179
230 611
275 639
319 351
208 557
460 681
600 904
30 819
321 835
623 849
377 740
20 267
95 571
129 763
406 584
608 741
346 700
749 757
63 645
603 923
696 939
860 999
404 698
543 630
132 447
442 510
34 396
50 617
415 661
491 830
87 293
171 646
324 342
336 772
804 981
302 619
28 276
513 839
248 828
340 930
198 802
324 459
139 681
502 975
590 995
35 251
316 781
138 912
156 886
482 567
678 739
29 536
86 453
496 667
800 967
186 545
276 543
475 617
909 913
673 901
37 898
105 151
201 592
659 848
343 632
273 937
298 890
121 514
268 674
539 892
848 854
373 725
443 522
365 579
904 952
115 867
402 975
548 874
51 961
59 465
632 938
207 386
269 720
224 782
237 977
425 907
10 271
128 172
851 907
228 491
363 954
233 878
156 572
96 621
15 971
107 701
225 753
498 899
615 882
2 87
459 583
26 349
100 782
330 536
213 647
304 897
322 849
45 576
61 245
394 635
201 600
241 786
542 573
155 531
311 438
94 780
212 678
393 437
126 951
369 635
418 626
732 871
122 967
616 926
113 766
287 307
33 938
31 480
33 908
764 858
232 299
242 507
99 100
149 305
285 931
9 865
371 801
612 986
217 519
52 382
590 976
84 634
128 282
398 450
140 672
151 728
329 735
25 826
292 532
323 802
570 995
653 806
512 753
23 154
342 521
266 916
367 649
76 941
168 320
331 443
748 783
423 500
836 970
294 689
420 535
170 814
312 935
546 821
453 738
19 884
235 680
116 410
206 452
398 682
176 614
736 918
computeMST took 3.913164e-03 seconds.
