0 562
274 562
0 651
651 721
387 721
387 703
677 721
73 677
0 537
537 870
537 772
772 846
31 870
534 846
427 651
427 717
227 717
73 617
617 715
538 617
356 538
356 766
605 766
390 766
216 390
216 644
216 364
364 599
599 998
454 599
644 880
599 683
150 644
481 683
481 719
719 755
364 775
376 775
18 605
18 462
18 500
500 733
500 922
733 947
431 947
391 431
375 391
829 947
792 829
18 182
391 531
531 969
969 991
886 991
281 886
69 531
784 947
784 896
315 896
315 924
466 924
466 917
154 917
53 917
154 636
636 742
135 742
742 987
370 742
243 987
243 876
36 876
36 524
30 524
524 854
788 854
258 917
258 581
181 466
142 181
68 142
68 129
129 868
868 949
641 949
68 310
202 310
158 202
310 864
385 641
158 233
233 713
102 233
102 667
828 854
726 792
102 523
523 643
340 876
340 853
661 853
246 661
300 661
300 810
300 604
411 604
485 896
56 643
56 226
226 697
226 398
398 802
226 893
226 920
383 920
383 624
68 734
405 734
405 963
102 313
75 636
69 654
226 691
204 691
68 815
661 989
668 989
75 955
935 955
627 935
110 627
75 472
194 472
217 742
318 691
166 318
166 435
230 668
523 696
182 288
194 983
42 983
42 836
477 983
477 837
109 983
63 836
684 836
837 875
63 381
295 381
222 295
222 501
67 501
109 711
167 711
167 601
14 601
287 711
97 601
97 797
597 797
471 875
477 594
80 684
80 236
236 752
262 875
262 979
262 778
215 778
287 446
89 446
89 648
89 992
121 992
121 779
121 978
382 978
901 978
873 901
234 873
301 648
137 301
173 779
173 900
873 950
884 900
51 992
458 901
458 860
426 860
214 426
85 779
85 96
96 923
85 309
20 309
397 900
397 687
397 548
305 548
153 305
153 527
517 527
163 517
305 438
438 758
180 758
224 548
224 895
589 895
495 895
434 477
477 951
501 842
842 856
101 856
101 374
101 555
555 793
573 793
183 374
555 832
175 555
175 334
101 965
278 965
278 910
704 910
655 704
655 695
522 695
386 522
351 522
386 504
330 504
330 807
807 958
816 958
330 357
330 879
504 625
351 447
447 722
722 844
591 844
231 591
430 591
338 430
25 231
591 670
41 338
263 844
910 934
634 934
634 966
220 966
595 625
183 847
278 348
608 966
515 573
515 743
561 743
192 832
192 759
357 518
379 518
520 958
657 934
37 591
37 43
753 816
379 588
695 889
192 270
257 753
257 692
360 588
360 724
675 724
193 724
193 912
770 912
8 379
252 386
252 985
827 985
827 891
552 827
177 552
177 616
552 796
15 177
796 994
264 994
188 994
616 751
1 751
1 125
125 494
1 723
6 723
247 723
123 247
123 990
587 935
516 587
127 315
5 214
49 300
49 660
660 956
294 956
294 297
631 711
17 631
17 479
479 805
293 805
168 631
17 284
631 716
610 716
566 610
137 575
418 575
504 699
168 314
314 629
629 720
484 720
585 629
585 804
147 629
484 840
314 812
147 273
567 812
44 147
44 768
44 54
262 748
527 872
57 922
57 219
720 959
560 959
265 959
77 560
77 885
862 885
182 358
358 640
640 982
358 412
86 748
131 829
199 625
199 292
353 923
353 598
353 919
662 919
662 833
431 811
490 895
490 881
676 889
120 676
220 511
511 706
197 511
706 977
213 977
540 706
134 706
134 638
553 638
134 172
397 464
285 464
344 370
344 710
378 983
378 808
65 808
10 65
10 506
506 747
747 806
774 806
564 747
568 774
506 823
823 838
333 564
449 564
761 838
388 761
388 609
609 795
714 795
378 686
10 367
367 650
618 650
388 820
359 820
359 857
10 997
774 790
745 790
620 857
620 776
76 776
576 776
76 544
448 838
159 448
159 948
869 948
869 936
195 869
195 209
209 914
333 705
277 761
652 862
47 54
46 47
46 777
332 777
245 640
72 245
72 169
169 690
40 752
261 383
487 692
487 701
159 380
98 309
98 569
98 633
548 821
22 875
492 711
492 911
130 492
130 143
143 556
193 809
508 809
613 856
272 613
509 613
461 509
461 785
509 526
392 526
16 272
16 240
461 746
164 785
240 663
635 663
211 635
195 218
284 407
474 804
474 499
243 417
435 892
106 955
106 533
105 533
105 146
146 361
105 406
124 406
124 244
124 929
48 929
48 781
577 929
577 646
577 578
559 577
489 559
646 944
296 944
347 944
203 559
115 203
48 780
665 780
642 665
141 642
58 642
442 642
254 929
254 839
834 839
406 497
414 497
141 161
161 658
389 658
306 389
350 658
658 845
401 845
577 973
824 973
824 988
321 988
489 866
493 824
249 321
249 773
58 953
239 953
239 289
367 373
373 409
476 585
476 580
66 412
66 798
166 486
444 486
486 952
444 825
921 952
455 825
486 525
444 945
112 525
196 209
196 422
196 664
664 877
59 367
59 700
324 950
324 730
439 730
439 933
730 940
422 666
822 955
118 822
118 954
118 148
148 968
16 483
103 483
60 103
103 830
81 830
119 338
119 754
114 754
74 119
74 964
858 964
317 485
317 456
456 803
446 727
727 993
353 980
850 969
48 290
218 366
108 366
250 552
537 551
551 972
927 972
507 927
507 888
507 818
507 769
165 769
165 918
769 984
786 984
855 984
799 984
441 799
157 799
157 767
767 899
303 899
157 468
468 473
157 445
457 786
861 899
117 861
851 861
280 457
468 615
457 470
58 325
322 325
200 325
200 478
3 478
162 478
162 813
813 909
865 909
530 909
530 593
400 593
136 400
144 478
144 440
339 440
78 440
78 678
118 789
302 789
229 302
771 789
302 859
21 789
21 328
328 894
750 894
178 894
178 606
291 606
64 606
64 184
64 283
283 395
606 863
64 145
14 628
628 762
24 762
688 714
688 946
688 787
656 787
12 448
393 752
337 393
17 174
90 188
90 176
90 960
90 535
91 535
91 679
326 870
409 735
189 735
189 554
554 574
669 695
11 192
224 421
574 586
892 928
83 880
83 191
191 221
413 733
694 977
708 803
160 708
372 829
605 915
915 996
104 996
502 996
104 760
197 817
791 940
419 791
122 419
116 350
321 737
279 737
279 550
429 500
528 856
40 602
596 602
268 869
82 268
82 260
260 368
368 505
260 890
70 655
70 693
55 706
308 372
899 903
428 903
4 122
4 541
362 541
541 883
39 348
35 703
47 925
908 925
529 925
71 529
54 622
622 731
731 943
66 327
220 557
563 638
451 563
95 451
92 95
698 784
223 698
93 223
181 352
352 403
287 765
637 765
196 424
227 672
354 627
354 887
718 887
718 957
718 843
354 986
38 887
13 843
354 962
607 962
607 671
671 932
744 932
558 744
275 558
607 906
111 744
111 384
712 744
335 712
371 932
489 565
902 987
7 902
238 902
707 902
396 932
230 611
275 639
133 639
133 794
133 341
341 740
319 351
208 557
208 433
30 819
321 835
377 740
20 267
95 571
88 571
129 763
406 584
584 974
608 741
545 741
256 545
256 463
346 700
63 645
645 841
841 852
603 923
187 603
696 939
860 999
404 698
404 436
436 547
132 447
132 286
442 510
34 396
50 617
50 579
543 579
345 543
543 630
415 661
355 415
491 830
491 709
87 293
87 299
171 646
324 342
342 469
26 342
336 772
804 981
590 981
302 619
513 839
248 828
340 930
259 930
198 802
324 459
502 975
702 975
210 975
590 995
35 251
316 781
138 912
156 886
79 156
482 567
205 482
678 739
86 453
408 453
496 667
186 545
276 543
28 276
475 617
909 913
673 901
37 898
32 898
105 151
151 179
273 937
916 937
298 890
121 514
27 514
268 674
539 892
848 854
659 848
373 725
443 522
365 579
904 952
600 904
115 867
402 975
402 685
548 874
51 961
59 465
207 386
190 207
190 549
503 549
549 831
503 905
190 253
269 720
224 782
237 977
10 271
271 749
749 757
128 172
851 907
425 907
228 491
363 954
233 878
156 572
96 621
15 971
107 701
225 753
170 225
498 899
185 498
615 882
2 87
2 432
459 583
139 583
139 681
460 681
26 349
304 349
100 782
100 488
330 536
29 536
29 756
29 871
213 647
304 897
322 849
623 849
45 576
61 245
394 635
152 394
201 600
201 592
241 786
542 573
255 542
155 531
311 438
94 780
212 678
212 582
393 437
399 437
126 951
369 635
418 626
732 871
680 732
122 967
800 967
616 926
113 766
287 307
31 480
33 908
33 938
452 938
632 938
343 632
764 858
764 942
232 299
242 507
99 100
149 305
285 931
9 865
371 801
467 801
612 986
62 612
217 519
52 382
590 976
416 976
84 634
128 282
398 450
140 672
151 728
329 735
329 729
25 826
292 532
323 802
570 995
653 806
512 753
23 154
342 521
266 916
367 649
76 941
168 320
331 443
748 783
423 500
836 970
294 689
420 535
170 814
312 935
546 821
453 738
19 884
235 680
116 410
206 452
398 682
176 614
736 918
computeMST took 1.341891e-02 seconds.
